This is pdfTeX, Version 3.1415926-2.4-1.40.13 (TeX Live 2012/Debian) (format=pdflatex 2013.3.10)  5 MAY 2013 21:14
entering extended mode
 restricted \write18 enabled.
 %&-line parsing enabled.
**\input chapitre5.tex
(./chapitre5.tex
! Undefined control sequence.
l.1 \chapter
            {Estimation du modèle Laplace asymétrique généralisé}
? X
 
Here is how much of TeX's memory you used:
 5 strings out of 493485
 141 string characters out of 3143526
 47818 words of memory out of 3000000
 3412 multiletter control sequences out of 15000+200000
 3640 words of font info for 14 fonts, out of 3000000 for 9000
 957 hyphenation exceptions out of 8191
 4i,0n,3p,91b,8s stack positions out of 5000i,500n,10000p,200000b,50000s
No pages of output.
PDF statistics:
 0 PDF objects out of 1000 (max. 8388607)
 0 named destinations out of 1000 (max. 500000)
 1 words of extra memory for PDF output out of 10000 (max. 10000000)

